<?xml version="1.0" encoding="UTF-8"?>
<!-- Generated by org.testng.reporters.JUnitReportReporter -->
<testsuite hostname="swaroop-HP-Notebook" failures="0" tests="3" name="testcases.AddCustomerTest" time="2.179" errors="0" timestamp="04 May 2023 11:24:40 GMT" skipped="0">
  <testcase classname="testcases.AddCustomerTest" name="addCustomer" time="0.696"/>
  <testcase classname="testcases.AddCustomerTest" name="addCustomer" time="0.553"/>
  <testcase classname="testcases.AddCustomerTest" name="addCustomer" time="0.930"/>
</testsuite> <!-- testcases.AddCustomerTest -->
