<?xml version="1.0" encoding="UTF-8"?>
<!-- Generated by org.testng.reporters.JUnitReportReporter -->
<testsuite hostname="swaroop-HP-Notebook" failures="0" tests="3" name="testcases.UserRegTest" time="0.005" errors="0" timestamp="03 May 2023 10:27:33 GMT" skipped="0">
  <testcase classname="testcases.UserRegTest" name="registerUser" time="0.003"/>
  <testcase classname="testcases.UserRegTest" name="registerUser" time="0.001"/>
  <testcase classname="testcases.UserRegTest" name="registerUser" time="0.001"/>
</testsuite> <!-- testcases.UserRegTest -->
