<?xml version="1.0" encoding="UTF-8"?>
<!-- Generated by org.testng.reporters.JUnitReportReporter -->
<testsuite hostname="swaroop-HP-Notebook" failures="0" tests="1" name="testcases.BankManagerLoginTest" time="0.301" errors="0" timestamp="04 May 2023 11:24:40 GMT" skipped="0">
  <testcase classname="testcases.BankManagerLoginTest" name="bankManagerLoginTest" time="0.301"/>
</testsuite> <!-- testcases.BankManagerLoginTest -->
