<?xml version="1.0" encoding="UTF-8"?>
<!-- Generated by org.testng.reporters.JUnitReportReporter -->
<testsuite hostname="swaroop-HP-Notebook" failures="0" tests="1" name="testcases.LoginTest" time="0.448" errors="0" timestamp="03 May 2023 10:27:33 GMT" skipped="0">
  <testcase classname="testcases.LoginTest" name="doLogin" time="0.448"/>
</testsuite> <!-- testcases.LoginTest -->
